2023-02-05T18:36:16+00:00 DEBUG POST: https://business-api.tiktok.com/open_api/v1.2/tbp/business_profile/disconnect/

{"external_business_id":false,"business_platform":"WOO_COMMERCE","is_setup_page":0,"app_id":false}
 ajax: no
2023-02-05T18:36:17+00:00 DEBUG Tt4b_Mapi_Class::mapi_post: Response: 

HTTP/1.1 200 OK
Server: nginx
Content-Type: application/json; charset=utf-8
Content-Length: 103
X-Api-Deprecation-Info: API for Business Version 1.3 is now live. To avoid disruption to your business, we recommend you migrate all calls to v1.3 as soon as possible. Please visit our migration guide for more details: https://ads.tiktok.com/marketing_api/docs?id=1740029169927169
X-Domain-Change-Info: We have moved to the new domain business-api.tiktok.com for API services after the Platform Upgrade on 09/30/2021. Please update all of your requests with the new domain if you haven't done so already. For more information, please visit https://ads.tiktok.com/marketing_api/docs?rid=esb88xalm6m&id=1709207085043713
X-Tt-Logid: 20230205183616A14BEF66C845B6AA5C15
x-tt-trace-host: 012600eeb33b584ed84603da2858639eeffb46a632adcf9047e16c32cd04cc5659bc67c996975bc94e890e88ae6bd245ac5850de6a625a08b76d3d930b974f6a3df22af520828cfc58c9e37947f15537e40f8dc8b81c1385f86322dbd9c18b038346f80197ad7c05f85a7bdc6bedd80987
X-Origin-Response-Time: 13,184.28.229.213
X-Akamai-Request-ID: 98dfe4f.1846a3ee
Expires: Sun, 05 Feb 2023 18:36:17 GMT
Cache-Control: max-age=0, no-cache, no-store
Pragma: no-cache
Date: Sun, 05 Feb 2023 18:36:17 GMT
X-Cache: TCP_MISS from a23-63-110-205.deploy.akamaitechnologies.com (AkamaiGHost/11.0.0-46340752) (-)
Connection: close
X-Cache-Remote: TCP_MISS from a184-28-229-213.deploy.akamaitechnologies.com (AkamaiGHost/10.10.3-45298580) (-)
x-tt-trace-tag: id=16;cdn-cache=miss;type=dyn
Server-Timing: cdn-cache; desc=MISS, edge; dur=71, origin; dur=13
Server-Timing: inner; dur=6
X-Parent-Response-Time: 83,23.63.110.205

{"code":40104,"message":"The access_token is empty.","request_id":"20230205183616A14BEF66C845B6AA5C15"}

2023-02-05T18:36:17+00:00 DEBUG POST: https://business-api.tiktok.com/tbp/v2.0/shop/connection/disconnect?external_data=

--- EMPTY STRING ---
 ajax: no
2023-02-05T18:36:18+00:00 DEBUG Tt4b_Mapi_Class::tts_shop_disconnect: Response: 

HTTP/1.1 200 OK
Server: nginx
Content-Type: application/json; charset=utf-8
Content-Length: 95
X-Api-Deprecation-Info: API for Business Version 1.3 is now live. To avoid disruption to your business, we recommend you migrate all calls to v1.3 as soon as possible. Please visit our migration guide for more details: https://ads.tiktok.com/marketing_api/docs?id=1740029169927169
X-Domain-Change-Info: We have moved to the new domain business-api.tiktok.com for API services after the Platform Upgrade on 09/30/2021. Please update all of your requests with the new domain if you haven't done so already. For more information, please visit https://ads.tiktok.com/marketing_api/docs?rid=esb88xalm6m&id=1709207085043713
X-Tt-Logid: 2023020518361713FED099DC64D9A852EA
x-tt-trace-host: 012600eeb33b584ed84603da2858639eef036d0d099df9b6e05988e00e0f54fd43f124b968cd32c59de58e6a33516c4892747471d225617ef9c10daba715b050f21e127a2d049fb483d93d22b4dcd9c52549dc6b1371b84690ef8ac2c84a18ba80651963337f88ed778be7e0fafd5e1d56
X-Origin-Response-Time: 18,23.64.122.39
X-Akamai-Request-ID: dd3515.1846a89d
Expires: Sun, 05 Feb 2023 18:36:18 GMT
Cache-Control: max-age=0, no-cache, no-store
Pragma: no-cache
Date: Sun, 05 Feb 2023 18:36:18 GMT
X-Cache: TCP_MISS from a23-63-110-205.deploy.akamaitechnologies.com (AkamaiGHost/11.0.0-46340752) (-)
Connection: close
X-Cache-Remote: TCP_MISS from a23-64-122-39.deploy.akamaitechnologies.com (AkamaiGHost/10.10.3-45298580) (-)
x-tt-trace-tag: id=16;cdn-cache=miss;type=dyn
Server-Timing: cdn-cache; desc=MISS, edge; dur=70, origin; dur=18
Server-Timing: inner; dur=11
X-Parent-Response-Time: 88,23.63.110.205

{"code":40001,"message":"Permission denied.","request_id":"2023020518361713FED099DC64D9A852EA"}

